<?xml version="1.0" encoding="UTF-8"?>
<testsuite name="ConverterTest" tests="1" skipped="0" failures="0" errors="0" timestamp="2019-07-23T17:26:24" hostname="Gurhan-PC" time="0.156">
  <properties/>
  <testcase name="start" classname="ConverterTest" time="0.156"/>
  <system-out><![CDATA[error java.lang.NumberFormatException: For input string: "a b"
error java.util.NoSuchElementException: No line found
error java.lang.NumberFormatException: For input string: "das"
error java.lang.NumberFormatException: For input string: "das"
error java.lang.NumberFormatException: For input string: "das"
error java.lang.Exception
error java.lang.Exception
error java.lang.NumberFormatException: For input string: "c"
error java.util.NoSuchElementException: No line found
error java.lang.NumberFormatException: For input string: "hf"
error java.lang.NumberFormatException: For input string: "hf"
error java.lang.NumberFormatException: For input string: "hf"
error java.lang.Exception
error java.lang.Exception
0.14315
13.14315
11.00000
148.g88a8
1011
22df2.00000
0.j78da
22df2.j78da
0.14315
13.14315
11.00000
148.g88a8
1100
22df2.00000
0.j78da
22df2.j78da
1011
5
rs
451552
9
75
10
1111
1100
7
rt
451553
a
76
11
11111
]]></system-out>
  <system-err><![CDATA[Start test 1
Start test 2
Start test 3
Start test 4
Start test 5
Start test 6
Start test 7
Start test 8
Start test 9
Start test 10
Start test 11
Start test 12
Start test 13
Start test 14
Start test 15
Start test 16
Start test 17
Start test 18
Start test 19
Start test 20
Start test 21
Start test 22
Start test 23
Start test 24
Start test 25
Start test 26
Start test 27
Start test 28
Start test 29
Start test 30
Start test 31
Start test 32
Start test 33
Start test 34
Start test 35
Start test 36
Start test 37
Start test 38
Start test 39
Start test 40
Start test 41
Start test 42
Start test 43
Start test 44
Start test 45
Start test 46
]]></system-err>
</testsuite>
